[0.081s] Invoking command in '/home/rajana/GSoC/my_robot_ws/build/my_robot': CMAKE_PREFIX_PATH=${CMAKE_PREFIX_PATH}:/opt/ros/humble /usr/bin/cmake --build /home/rajana/GSoC/my_robot_ws/build/my_robot -- -j8 -l8
[0.352s] Invoked command in '/home/rajana/GSoC/my_robot_ws/build/my_robot' returned '0': CMAKE_PREFIX_PATH=${CMAKE_PREFIX_PATH}:/opt/ros/humble /usr/bin/cmake --build /home/rajana/GSoC/my_robot_ws/build/my_robot -- -j8 -l8
[0.406s] Invoking command in '/home/rajana/GSoC/my_robot_ws/build/my_robot': CMAKE_PREFIX_PATH=${CMAKE_PREFIX_PATH}:/opt/ros/humble /usr/bin/cmake --install /home/rajana/GSoC/my_robot_ws/build/my_robot
[0.444s] -- Install configuration: ""
[0.445s] -- Execute custom install script
[0.446s] -- Up-to-date symlink: /home/rajana/GSoC/my_robot_ws/install/my_robot/share/my_robot//launch/gz.launch.py
[0.448s] -- Up-to-date symlink: /home/rajana/GSoC/my_robot_ws/install/my_robot/share/my_robot//launch/my_robot_gz_spawn.launch.py
[0.449s] -- Up-to-date symlink: /home/rajana/GSoC/my_robot_ws/install/my_robot/share/my_robot//launch/rviz.launch.py
[0.451s] -- Up-to-date symlink: /home/rajana/GSoC/my_robot_ws/install/my_robot/share/my_robot//meshes/kinect/d415.dae
[0.453s] -- Up-to-date symlink: /home/rajana/GSoC/my_robot_ws/install/my_robot/share/my_robot//meshes/kinect/kinect.dae
[0.455s] -- Up-to-date symlink: /home/rajana/GSoC/my_robot_ws/install/my_robot/share/my_robot//meshes/kinect/kinect.jpg
[0.456s] -- Up-to-date symlink: /home/rajana/GSoC/my_robot_ws/install/my_robot/share/my_robot//meshes/kinect/kinect.tga
[0.457s] -- Up-to-date symlink: /home/rajana/GSoC/my_robot_ws/install/my_robot/share/my_robot//meshes/my_robot_mesh.dae
[0.458s] -- Up-to-date symlink: /home/rajana/GSoC/my_robot_ws/install/my_robot/share/my_robot//meshes/realsense_texture.png
[0.498s] -- Up-to-date symlink: /home/rajana/GSoC/my_robot_ws/install/my_robot/share/my_robot//models/aws_robomaker_warehouse_Bucket_01/.DS_Store
[0.498s] -- Up-to-date symlink: /home/rajana/GSoC/my_robot_ws/install/my_robot/share/my_robot//models/aws_robomaker_warehouse_Bucket_01/materials/.DS_Store
[0.498s] -- Up-to-date symlink: /home/rajana/GSoC/my_robot_ws/install/my_robot/share/my_robot//models/aws_robomaker_warehouse_Bucket_01/materials/textures/aws_robomaker_warehouse_Bucket_01.png
[0.499s] -- Up-to-date symlink: /home/rajana/GSoC/my_robot_ws/install/my_robot/share/my_robot//models/aws_robomaker_warehouse_Bucket_01/meshes/aws_robomaker_warehouse_Bucket_01_collision.DAE
[0.499s] -- Up-to-date symlink: /home/rajana/GSoC/my_robot_ws/install/my_robot/share/my_robot//models/aws_robomaker_warehouse_Bucket_01/meshes/aws_robomaker_warehouse_Bucket_01_visual.DAE
[0.499s] -- Up-to-date symlink: /home/rajana/GSoC/my_robot_ws/install/my_robot/share/my_robot//models/aws_robomaker_warehouse_Bucket_01/model.config
[0.499s] -- Up-to-date symlink: /home/rajana/GSoC/my_robot_ws/install/my_robot/share/my_robot//models/aws_robomaker_warehouse_Bucket_01/model.sdf
[0.500s] -- Up-to-date symlink: /home/rajana/GSoC/my_robot_ws/install/my_robot/share/my_robot//models/aws_robomaker_warehouse_ClutteringA_01/.DS_Store
[0.502s] -- Up-to-date symlink: /home/rajana/GSoC/my_robot_ws/install/my_robot/share/my_robot//models/aws_robomaker_warehouse_ClutteringA_01/materials/.DS_Store
[0.503s] -- Up-to-date symlink: /home/rajana/GSoC/my_robot_ws/install/my_robot/share/my_robot//models/aws_robomaker_warehouse_ClutteringA_01/materials/textures/.DS_Store
[0.506s] -- Up-to-date symlink: /home/rajana/GSoC/my_robot_ws/install/my_robot/share/my_robot//models/aws_robomaker_warehouse_ClutteringA_01/materials/textures/aws_robomaker_warehouse_ClutteringA_01.png
[0.508s] -- Up-to-date symlink: /home/rajana/GSoC/my_robot_ws/install/my_robot/share/my_robot//models/aws_robomaker_warehouse_ClutteringA_01/materials/textures/aws_robomaker_warehouse_ClutteringA_02.png
[0.511s] -- Up-to-date symlink: /home/rajana/GSoC/my_robot_ws/install/my_robot/share/my_robot//models/aws_robomaker_warehouse_ClutteringA_01/materials/textures/aws_robomaker_warehouse_ClutteringA_03.png
[0.512s] -- Up-to-date symlink: /home/rajana/GSoC/my_robot_ws/install/my_robot/share/my_robot//models/aws_robomaker_warehouse_ClutteringA_01/meshes/aws_robomaker_warehouse_ClutteringA_01_collision.DAE
[0.513s] -- Up-to-date symlink: /home/rajana/GSoC/my_robot_ws/install/my_robot/share/my_robot//models/aws_robomaker_warehouse_ClutteringA_01/meshes/aws_robomaker_warehouse_ClutteringA_01_visual.DAE
[0.513s] -- Up-to-date symlink: /home/rajana/GSoC/my_robot_ws/install/my_robot/share/my_robot//models/aws_robomaker_warehouse_ClutteringA_01/model.config
[0.514s] -- Up-to-date symlink: /home/rajana/GSoC/my_robot_ws/install/my_robot/share/my_robot//models/aws_robomaker_warehouse_ClutteringA_01/model.sdf
[0.515s] -- Up-to-date symlink: /home/rajana/GSoC/my_robot_ws/install/my_robot/share/my_robot//models/aws_robomaker_warehouse_ClutteringC_01/materials/textures/aws_robomaker_warehouse_ClutteringC_01.png
[0.516s] -- Up-to-date symlink: /home/rajana/GSoC/my_robot_ws/install/my_robot/share/my_robot//models/aws_robomaker_warehouse_ClutteringC_01/materials/textures/aws_robomaker_warehouse_ClutteringC_02.png
[0.516s] -- Up-to-date symlink: /home/rajana/GSoC/my_robot_ws/install/my_robot/share/my_robot//models/aws_robomaker_warehouse_ClutteringC_01/meshes/aws_robomaker_warehouse_ClutteringC_01_collision.DAE
[0.516s] -- Up-to-date symlink: /home/rajana/GSoC/my_robot_ws/install/my_robot/share/my_robot//models/aws_robomaker_warehouse_ClutteringC_01/meshes/aws_robomaker_warehouse_ClutteringC_01_visual.DAE
[0.517s] -- Up-to-date symlink: /home/rajana/GSoC/my_robot_ws/install/my_robot/share/my_robot//models/aws_robomaker_warehouse_ClutteringC_01/model.config
[0.517s] -- Up-to-date symlink: /home/rajana/GSoC/my_robot_ws/install/my_robot/share/my_robot//models/aws_robomaker_warehouse_ClutteringC_01/model.sdf
[0.517s] -- Up-to-date symlink: /home/rajana/GSoC/my_robot_ws/install/my_robot/share/my_robot//models/aws_robomaker_warehouse_ClutteringD_01/materials/textures/aws_robomaker_warehouse_ClutteringD_01.png
[0.517s] -- Up-to-date symlink: /home/rajana/GSoC/my_robot_ws/install/my_robot/share/my_robot//models/aws_robomaker_warehouse_ClutteringD_01/materials/textures/aws_robomaker_warehouse_ClutteringD_02.png
[0.517s] -- Up-to-date symlink: /home/rajana/GSoC/my_robot_ws/install/my_robot/share/my_robot//models/aws_robomaker_warehouse_ClutteringD_01/meshes/aws_robomaker_warehouse_ClutteringD_01_collision.DAE
[0.517s] -- Up-to-date symlink: /home/rajana/GSoC/my_robot_ws/install/my_robot/share/my_robot//models/aws_robomaker_warehouse_ClutteringD_01/meshes/aws_robomaker_warehouse_ClutteringD_01_visual.DAE
[0.517s] -- Up-to-date symlink: /home/rajana/GSoC/my_robot_ws/install/my_robot/share/my_robot//models/aws_robomaker_warehouse_ClutteringD_01/model.config
[0.517s] -- Up-to-date symlink: /home/rajana/GSoC/my_robot_ws/install/my_robot/share/my_robot//models/aws_robomaker_warehouse_ClutteringD_01/model.sdf
[0.518s] -- Up-to-date symlink: /home/rajana/GSoC/my_robot_ws/install/my_robot/share/my_robot//models/aws_robomaker_warehouse_DeskC_01/materials/.DS_Store
[0.518s] -- Up-to-date symlink: /home/rajana/GSoC/my_robot_ws/install/my_robot/share/my_robot//models/aws_robomaker_warehouse_DeskC_01/materials/textures/aws_robomaker_warehouse_DeskC_01.png
[0.518s] -- Up-to-date symlink: /home/rajana/GSoC/my_robot_ws/install/my_robot/share/my_robot//models/aws_robomaker_warehouse_DeskC_01/materials/textures/aws_robomaker_warehouse_DeskC_02.png
[0.518s] -- Up-to-date symlink: /home/rajana/GSoC/my_robot_ws/install/my_robot/share/my_robot//models/aws_robomaker_warehouse_DeskC_01/materials/textures/aws_robomaker_warehouse_DeskC_03.png
[0.518s] -- Up-to-date symlink: /home/rajana/GSoC/my_robot_ws/install/my_robot/share/my_robot//models/aws_robomaker_warehouse_DeskC_01/materials/textures/aws_robomaker_warehouse_DeskC_03.psd
[0.518s] -- Up-to-date symlink: /home/rajana/GSoC/my_robot_ws/install/my_robot/share/my_robot//models/aws_robomaker_warehouse_DeskC_01/materials/textures/aws_robomaker_warehouse_DeskC_04.png
[0.519s] -- Up-to-date symlink: /home/rajana/GSoC/my_robot_ws/install/my_robot/share/my_robot//models/aws_robomaker_warehouse_DeskC_01/meshes/aws_robomaker_warehouse_DeskC_01_collision.DAE
[0.519s] -- Up-to-date symlink: /home/rajana/GSoC/my_robot_ws/install/my_robot/share/my_robot//models/aws_robomaker_warehouse_DeskC_01/meshes/aws_robomaker_warehouse_DeskC_01_visual.DAE
[0.520s] -- Up-to-date symlink: /home/rajana/GSoC/my_robot_ws/install/my_robot/share/my_robot//models/aws_robomaker_warehouse_DeskC_01/model.config
[0.520s] -- Up-to-date symlink: /home/rajana/GSoC/my_robot_ws/install/my_robot/share/my_robot//models/aws_robomaker_warehouse_DeskC_01/model.sdf
[0.520s] -- Up-to-date symlink: /home/rajana/GSoC/my_robot_ws/install/my_robot/share/my_robot//models/aws_robomaker_warehouse_GroundB_01/materials/textures/aws_robomaker_warehouse_GroundB_01.png
[0.521s] -- Up-to-date symlink: /home/rajana/GSoC/my_robot_ws/install/my_robot/share/my_robot//models/aws_robomaker_warehouse_GroundB_01/materials/textures/aws_robomaker_warehouse_GroundB_02.png
[0.523s] -- Up-to-date symlink: /home/rajana/GSoC/my_robot_ws/install/my_robot/share/my_robot//models/aws_robomaker_warehouse_GroundB_01/meshes/aws_robomaker_warehouse_GroundB_01_collision.DAE
[0.524s] -- Up-to-date symlink: /home/rajana/GSoC/my_robot_ws/install/my_robot/share/my_robot//models/aws_robomaker_warehouse_GroundB_01/meshes/aws_robomaker_warehouse_GroundB_01_visual.DAE
[0.525s] -- Up-to-date symlink: /home/rajana/GSoC/my_robot_ws/install/my_robot/share/my_robot//models/aws_robomaker_warehouse_GroundB_01/model.config
[0.527s] -- Up-to-date symlink: /home/rajana/GSoC/my_robot_ws/install/my_robot/share/my_robot//models/aws_robomaker_warehouse_GroundB_01/model.sdf
[0.531s] -- Up-to-date symlink: /home/rajana/GSoC/my_robot_ws/install/my_robot/share/my_robot//models/aws_robomaker_warehouse_Lamp_01/materials/textures/aws_robomaker_warehouse_Lamp_01.png
[0.533s] -- Up-to-date symlink: /home/rajana/GSoC/my_robot_ws/install/my_robot/share/my_robot//models/aws_robomaker_warehouse_Lamp_01/meshes/aws_robomaker_warehouse_Lamp_01_collision.DAE
[0.533s] -- Up-to-date symlink: /home/rajana/GSoC/my_robot_ws/install/my_robot/share/my_robot//models/aws_robomaker_warehouse_Lamp_01/meshes/aws_robomaker_warehouse_Lamp_01_visual.DAE
[0.534s] -- Up-to-date symlink: /home/rajana/GSoC/my_robot_ws/install/my_robot/share/my_robot//models/aws_robomaker_warehouse_Lamp_01/model.config
[0.535s] -- Up-to-date symlink: /home/rajana/GSoC/my_robot_ws/install/my_robot/share/my_robot//models/aws_robomaker_warehouse_Lamp_01/model.sdf
[0.535s] -- Up-to-date symlink: /home/rajana/GSoC/my_robot_ws/install/my_robot/share/my_robot//models/aws_robomaker_warehouse_PalletJackB_01/.DS_Store
[0.536s] -- Up-to-date symlink: /home/rajana/GSoC/my_robot_ws/install/my_robot/share/my_robot//models/aws_robomaker_warehouse_PalletJackB_01/materials/.DS_Store
[0.537s] -- Up-to-date symlink: /home/rajana/GSoC/my_robot_ws/install/my_robot/share/my_robot//models/aws_robomaker_warehouse_PalletJackB_01/materials/textures/aws_robomaker_warehouse_PalletJackB_01.png
[0.537s] -- Up-to-date symlink: /home/rajana/GSoC/my_robot_ws/install/my_robot/share/my_robot//models/aws_robomaker_warehouse_PalletJackB_01/materials/textures/aws_robomaker_warehouse_PalletJackB_02.png
[0.537s] -- Up-to-date symlink: /home/rajana/GSoC/my_robot_ws/install/my_robot/share/my_robot//models/aws_robomaker_warehouse_PalletJackB_01/meshes/aws_robomaker_warehouse_PalletJackB_01_collision.DAE
[0.538s] -- Up-to-date symlink: /home/rajana/GSoC/my_robot_ws/install/my_robot/share/my_robot//models/aws_robomaker_warehouse_PalletJackB_01/meshes/aws_robomaker_warehouse_PalletJackB_01_visual.DAE
[0.538s] -- Up-to-date symlink: /home/rajana/GSoC/my_robot_ws/install/my_robot/share/my_robot//models/aws_robomaker_warehouse_PalletJackB_01/model.config
[0.538s] -- Up-to-date symlink: /home/rajana/GSoC/my_robot_ws/install/my_robot/share/my_robot//models/aws_robomaker_warehouse_PalletJackB_01/model.sdf
[0.538s] -- Up-to-date symlink: /home/rajana/GSoC/my_robot_ws/install/my_robot/share/my_robot//models/aws_robomaker_warehouse_RoofB_01/materials/textures/aws_robomaker_warehouse_RoofB_01.png
[0.538s] -- Up-to-date symlink: /home/rajana/GSoC/my_robot_ws/install/my_robot/share/my_robot//models/aws_robomaker_warehouse_RoofB_01/meshes/aws_robomaker_warehouse_RoofB_01_collision.DAE
[0.539s] -- Up-to-date symlink: /home/rajana/GSoC/my_robot_ws/install/my_robot/share/my_robot//models/aws_robomaker_warehouse_RoofB_01/meshes/aws_robomaker_warehouse_RoofB_01_visual.DAE
[0.539s] -- Up-to-date symlink: /home/rajana/GSoC/my_robot_ws/install/my_robot/share/my_robot//models/aws_robomaker_warehouse_RoofB_01/model.config
[0.539s] -- Up-to-date symlink: /home/rajana/GSoC/my_robot_ws/install/my_robot/share/my_robot//models/aws_robomaker_warehouse_RoofB_01/model.sdf
[0.539s] -- Up-to-date symlink: /home/rajana/GSoC/my_robot_ws/install/my_robot/share/my_robot//models/aws_robomaker_warehouse_ShelfD_01/materials/textures/aws_robomaker_warehouse_ShelfD_01.png
[0.539s] -- Up-to-date symlink: /home/rajana/GSoC/my_robot_ws/install/my_robot/share/my_robot//models/aws_robomaker_warehouse_ShelfD_01/materials/textures/aws_robomaker_warehouse_ShelfD_02.png
[0.540s] -- Up-to-date symlink: /home/rajana/GSoC/my_robot_ws/install/my_robot/share/my_robot//models/aws_robomaker_warehouse_ShelfD_01/materials/textures/aws_robomaker_warehouse_ShelfD_03.png
[0.540s] -- Up-to-date symlink: /home/rajana/GSoC/my_robot_ws/install/my_robot/share/my_robot//models/aws_robomaker_warehouse_ShelfD_01/materials/textures/aws_robomaker_warehouse_ShelfD_04.png
[0.540s] -- Up-to-date symlink: /home/rajana/GSoC/my_robot_ws/install/my_robot/share/my_robot//models/aws_robomaker_warehouse_ShelfD_01/meshes/aws_robomaker_warehouse_ShelfD_01_collision.DAE
[0.540s] -- Up-to-date symlink: /home/rajana/GSoC/my_robot_ws/install/my_robot/share/my_robot//models/aws_robomaker_warehouse_ShelfD_01/meshes/aws_robomaker_warehouse_ShelfD_01_visual.DAE
[0.541s] -- Up-to-date symlink: /home/rajana/GSoC/my_robot_ws/install/my_robot/share/my_robot//models/aws_robomaker_warehouse_ShelfD_01/model.config
[0.541s] -- Up-to-date symlink: /home/rajana/GSoC/my_robot_ws/install/my_robot/share/my_robot//models/aws_robomaker_warehouse_ShelfD_01/model.sdf
[0.541s] -- Up-to-date symlink: /home/rajana/GSoC/my_robot_ws/install/my_robot/share/my_robot//models/aws_robomaker_warehouse_ShelfE_01/.DS_Store
[0.541s] -- Up-to-date symlink: /home/rajana/GSoC/my_robot_ws/install/my_robot/share/my_robot//models/aws_robomaker_warehouse_ShelfE_01/materials/.DS_Store
[0.542s] -- Up-to-date symlink: /home/rajana/GSoC/my_robot_ws/install/my_robot/share/my_robot//models/aws_robomaker_warehouse_ShelfE_01/materials/textures/aws_robomaker_warehouse_ShelfE_01.png
[0.542s] -- Up-to-date symlink: /home/rajana/GSoC/my_robot_ws/install/my_robot/share/my_robot//models/aws_robomaker_warehouse_ShelfE_01/materials/textures/aws_robomaker_warehouse_ShelfE_02.png
[0.542s] -- Up-to-date symlink: /home/rajana/GSoC/my_robot_ws/install/my_robot/share/my_robot//models/aws_robomaker_warehouse_ShelfE_01/materials/textures/aws_robomaker_warehouse_ShelfE_03.png
[0.542s] -- Up-to-date symlink: /home/rajana/GSoC/my_robot_ws/install/my_robot/share/my_robot//models/aws_robomaker_warehouse_ShelfE_01/materials/textures/aws_robomaker_warehouse_ShelfE_04.png
[0.543s] -- Up-to-date symlink: /home/rajana/GSoC/my_robot_ws/install/my_robot/share/my_robot//models/aws_robomaker_warehouse_ShelfE_01/meshes/aws_robomaker_warehouse_ShelfE_01_collision.DAE
[0.544s] -- Up-to-date symlink: /home/rajana/GSoC/my_robot_ws/install/my_robot/share/my_robot//models/aws_robomaker_warehouse_ShelfE_01/meshes/aws_robomaker_warehouse_ShelfE_01_visual.DAE
[0.545s] -- Up-to-date symlink: /home/rajana/GSoC/my_robot_ws/install/my_robot/share/my_robot//models/aws_robomaker_warehouse_ShelfE_01/model.config
[0.547s] -- Up-to-date symlink: /home/rajana/GSoC/my_robot_ws/install/my_robot/share/my_robot//models/aws_robomaker_warehouse_ShelfE_01/model.sdf
[0.549s] -- Up-to-date symlink: /home/rajana/GSoC/my_robot_ws/install/my_robot/share/my_robot//models/aws_robomaker_warehouse_ShelfF_01/materials/textures/aws_robomaker_warehouse_ShelfF_01.png
[0.552s] -- Up-to-date symlink: /home/rajana/GSoC/my_robot_ws/install/my_robot/share/my_robot//models/aws_robomaker_warehouse_ShelfF_01/materials/textures/aws_robomaker_warehouse_ShelfF_02.png
[0.554s] -- Up-to-date symlink: /home/rajana/GSoC/my_robot_ws/install/my_robot/share/my_robot//models/aws_robomaker_warehouse_ShelfF_01/materials/textures/aws_robomaker_warehouse_ShelfF_03.png
[0.554s] -- Up-to-date symlink: /home/rajana/GSoC/my_robot_ws/install/my_robot/share/my_robot//models/aws_robomaker_warehouse_ShelfF_01/meshes/aws_robomaker_warehouse_ShelfF_01_collision.DAE
[0.555s] -- Up-to-date symlink: /home/rajana/GSoC/my_robot_ws/install/my_robot/share/my_robot//models/aws_robomaker_warehouse_ShelfF_01/meshes/aws_robomaker_warehouse_ShelfF_01_visual.DAE
[0.555s] -- Up-to-date symlink: /home/rajana/GSoC/my_robot_ws/install/my_robot/share/my_robot//models/aws_robomaker_warehouse_ShelfF_01/model.config
[0.556s] -- Up-to-date symlink: /home/rajana/GSoC/my_robot_ws/install/my_robot/share/my_robot//models/aws_robomaker_warehouse_ShelfF_01/model.sdf
[0.556s] -- Up-to-date symlink: /home/rajana/GSoC/my_robot_ws/install/my_robot/share/my_robot//models/aws_robomaker_warehouse_TrashCanC_01/materials/textures/aws_robomaker_warehouse_TrashCanC_01.png
[0.556s] -- Up-to-date symlink: /home/rajana/GSoC/my_robot_ws/install/my_robot/share/my_robot//models/aws_robomaker_warehouse_TrashCanC_01/meshes/aws_robomaker_warehouse_TrashCanC_01_collision.DAE
[0.557s] -- Up-to-date symlink: /home/rajana/GSoC/my_robot_ws/install/my_robot/share/my_robot//models/aws_robomaker_warehouse_TrashCanC_01/meshes/aws_robomaker_warehouse_TrashCanC_01_visual.DAE
[0.558s] -- Up-to-date symlink: /home/rajana/GSoC/my_robot_ws/install/my_robot/share/my_robot//models/aws_robomaker_warehouse_TrashCanC_01/model.config
[0.558s] -- Up-to-date symlink: /home/rajana/GSoC/my_robot_ws/install/my_robot/share/my_robot//models/aws_robomaker_warehouse_TrashCanC_01/model.sdf
[0.558s] -- Up-to-date symlink: /home/rajana/GSoC/my_robot_ws/install/my_robot/share/my_robot//models/aws_robomaker_warehouse_WallB_01/materials/textures/aws_robomaker_warehouse_WallB_01.png
[0.558s] -- Up-to-date symlink: /home/rajana/GSoC/my_robot_ws/install/my_robot/share/my_robot//models/aws_robomaker_warehouse_WallB_01/meshes/aws_robomaker_warehouse_WallB_01_collision.DAE
[0.558s] -- Up-to-date symlink: /home/rajana/GSoC/my_robot_ws/install/my_robot/share/my_robot//models/aws_robomaker_warehouse_WallB_01/meshes/aws_robomaker_warehouse_WallB_01_visual.DAE
[0.558s] -- Up-to-date symlink: /home/rajana/GSoC/my_robot_ws/install/my_robot/share/my_robot//models/aws_robomaker_warehouse_WallB_01/model.config
[0.559s] -- Up-to-date symlink: /home/rajana/GSoC/my_robot_ws/install/my_robot/share/my_robot//models/aws_robomaker_warehouse_WallB_01/model.sdf
[0.559s] -- Up-to-date symlink: /home/rajana/GSoC/my_robot_ws/install/my_robot/share/my_robot//urdf/gz.xacro
[0.559s] -- Up-to-date symlink: /home/rajana/GSoC/my_robot_ws/install/my_robot/share/my_robot//urdf/macros.xacro
[0.559s] -- Up-to-date symlink: /home/rajana/GSoC/my_robot_ws/install/my_robot/share/my_robot//urdf/materials.xacro
[0.560s] -- Up-to-date symlink: /home/rajana/GSoC/my_robot_ws/install/my_robot/share/my_robot//urdf/my_robot.xacro
[0.560s] -- Up-to-date symlink: /home/rajana/GSoC/my_robot_ws/install/my_robot/share/my_robot//worlds/empty.sdf
[0.560s] -- Up-to-date symlink: /home/rajana/GSoC/my_robot_ws/install/my_robot/share/my_robot//worlds/small_warehouse.sdf
[0.560s] -- Up-to-date symlink: /home/rajana/GSoC/my_robot_ws/install/my_robot/share/my_robot//rviz/entire_setup.rviz
[0.561s] -- Up-to-date symlink: /home/rajana/GSoC/my_robot_ws/install/my_robot/share/ament_index/resource_index/package_run_dependencies/my_robot
[0.561s] -- Up-to-date symlink: /home/rajana/GSoC/my_robot_ws/install/my_robot/share/ament_index/resource_index/parent_prefix_path/my_robot
[0.562s] -- Up-to-date symlink: /home/rajana/GSoC/my_robot_ws/install/my_robot/share/my_robot/environment/ament_prefix_path.sh
[0.562s] -- Up-to-date symlink: /home/rajana/GSoC/my_robot_ws/install/my_robot/share/my_robot/environment/ament_prefix_path.dsv
[0.562s] -- Up-to-date symlink: /home/rajana/GSoC/my_robot_ws/install/my_robot/share/my_robot/environment/path.sh
[0.563s] -- Up-to-date symlink: /home/rajana/GSoC/my_robot_ws/install/my_robot/share/my_robot/environment/path.dsv
[0.564s] -- Up-to-date symlink: /home/rajana/GSoC/my_robot_ws/install/my_robot/share/my_robot/local_setup.bash
[0.564s] -- Up-to-date symlink: /home/rajana/GSoC/my_robot_ws/install/my_robot/share/my_robot/local_setup.sh
[0.566s] -- Up-to-date symlink: /home/rajana/GSoC/my_robot_ws/install/my_robot/share/my_robot/local_setup.zsh
[0.569s] -- Up-to-date symlink: /home/rajana/GSoC/my_robot_ws/install/my_robot/share/my_robot/local_setup.dsv
[0.570s] -- Symlinking: /home/rajana/GSoC/my_robot_ws/install/my_robot/share/my_robot/package.dsv
[0.615s] -- Up-to-date symlink: /home/rajana/GSoC/my_robot_ws/install/my_robot/share/ament_index/resource_index/packages/my_robot
[0.616s] -- Up-to-date symlink: /home/rajana/GSoC/my_robot_ws/install/my_robot/share/my_robot/cmake/my_robotConfig.cmake
[0.616s] -- Up-to-date symlink: /home/rajana/GSoC/my_robot_ws/install/my_robot/share/my_robot/cmake/my_robotConfig-version.cmake
[0.617s] -- Up-to-date symlink: /home/rajana/GSoC/my_robot_ws/install/my_robot/share/my_robot/package.xml
[0.623s] Invoked command in '/home/rajana/GSoC/my_robot_ws/build/my_robot' returned '0': CMAKE_PREFIX_PATH=${CMAKE_PREFIX_PATH}:/opt/ros/humble /usr/bin/cmake --install /home/rajana/GSoC/my_robot_ws/build/my_robot
