[0.161s] Invoking command in '/home/rajana/GSoC/my_robot_ws/build/my_robot': CMAKE_PREFIX_PATH=${CMAKE_PREFIX_PATH}:/opt/ros/humble /usr/bin/cmake --build /home/rajana/GSoC/my_robot_ws/build/my_robot -- -j8 -l8
[0.436s] Invoked command in '/home/rajana/GSoC/my_robot_ws/build/my_robot' returned '0': CMAKE_PREFIX_PATH=${CMAKE_PREFIX_PATH}:/opt/ros/humble /usr/bin/cmake --build /home/rajana/GSoC/my_robot_ws/build/my_robot -- -j8 -l8
[0.506s] Invoking command in '/home/rajana/GSoC/my_robot_ws/build/my_robot': CMAKE_PREFIX_PATH=${CMAKE_PREFIX_PATH}:/opt/ros/humble /usr/bin/cmake --install /home/rajana/GSoC/my_robot_ws/build/my_robot
[0.550s] -- Install configuration: ""
[0.551s] -- Execute custom install script
[0.573s] -- Up-to-date symlink: /home/rajana/GSoC/my_robot_ws/install/my_robot/share/my_robot//launch/gz.launch.py
[0.577s] -- Up-to-date symlink: /home/rajana/GSoC/my_robot_ws/install/my_robot/share/my_robot//launch/my_robot_gz_spawn.launch.py
[0.580s] -- Up-to-date symlink: /home/rajana/GSoC/my_robot_ws/install/my_robot/share/my_robot//launch/rviz.launch.py
[0.589s] -- Up-to-date symlink: /home/rajana/GSoC/my_robot_ws/install/my_robot/share/my_robot//meshes/kinect/d415.dae
[0.589s] -- Up-to-date symlink: /home/rajana/GSoC/my_robot_ws/install/my_robot/share/my_robot//meshes/kinect/kinect.dae
[0.591s] -- Up-to-date symlink: /home/rajana/GSoC/my_robot_ws/install/my_robot/share/my_robot//meshes/kinect/kinect.jpg
[0.591s] -- Up-to-date symlink: /home/rajana/GSoC/my_robot_ws/install/my_robot/share/my_robot//meshes/kinect/kinect.tga
[0.591s] -- Up-to-date symlink: /home/rajana/GSoC/my_robot_ws/install/my_robot/share/my_robot//meshes/my_robot_mesh.dae
[0.591s] -- Up-to-date symlink: /home/rajana/GSoC/my_robot_ws/install/my_robot/share/my_robot//meshes/realsense_texture.png
[0.616s] -- Up-to-date symlink: /home/rajana/GSoC/my_robot_ws/install/my_robot/share/my_robot//models/aws_robomaker_warehouse_Bucket_01/.DS_Store
[0.616s] -- Up-to-date symlink: /home/rajana/GSoC/my_robot_ws/install/my_robot/share/my_robot//models/aws_robomaker_warehouse_Bucket_01/materials/.DS_Store
[0.617s] -- Up-to-date symlink: /home/rajana/GSoC/my_robot_ws/install/my_robot/share/my_robot//models/aws_robomaker_warehouse_Bucket_01/materials/textures/aws_robomaker_warehouse_Bucket_01.png
[0.617s] -- Up-to-date symlink: /home/rajana/GSoC/my_robot_ws/install/my_robot/share/my_robot//models/aws_robomaker_warehouse_Bucket_01/meshes/aws_robomaker_warehouse_Bucket_01_collision.DAE
[0.617s] -- Up-to-date symlink: /home/rajana/GSoC/my_robot_ws/install/my_robot/share/my_robot//models/aws_robomaker_warehouse_Bucket_01/meshes/aws_robomaker_warehouse_Bucket_01_visual.DAE
[0.617s] -- Up-to-date symlink: /home/rajana/GSoC/my_robot_ws/install/my_robot/share/my_robot//models/aws_robomaker_warehouse_Bucket_01/model.config
[0.618s] -- Up-to-date symlink: /home/rajana/GSoC/my_robot_ws/install/my_robot/share/my_robot//models/aws_robomaker_warehouse_Bucket_01/model.sdf
[0.618s] -- Up-to-date symlink: /home/rajana/GSoC/my_robot_ws/install/my_robot/share/my_robot//models/aws_robomaker_warehouse_ClutteringA_01/.DS_Store
[0.618s] -- Up-to-date symlink: /home/rajana/GSoC/my_robot_ws/install/my_robot/share/my_robot//models/aws_robomaker_warehouse_ClutteringA_01/materials/.DS_Store
[0.618s] -- Up-to-date symlink: /home/rajana/GSoC/my_robot_ws/install/my_robot/share/my_robot//models/aws_robomaker_warehouse_ClutteringA_01/materials/textures/.DS_Store
[0.618s] -- Up-to-date symlink: /home/rajana/GSoC/my_robot_ws/install/my_robot/share/my_robot//models/aws_robomaker_warehouse_ClutteringA_01/materials/textures/aws_robomaker_warehouse_ClutteringA_01.png
[0.620s] -- Up-to-date symlink: /home/rajana/GSoC/my_robot_ws/install/my_robot/share/my_robot//models/aws_robomaker_warehouse_ClutteringA_01/materials/textures/aws_robomaker_warehouse_ClutteringA_02.png
[0.620s] -- Up-to-date symlink: /home/rajana/GSoC/my_robot_ws/install/my_robot/share/my_robot//models/aws_robomaker_warehouse_ClutteringA_01/materials/textures/aws_robomaker_warehouse_ClutteringA_03.png
[0.621s] -- Up-to-date symlink: /home/rajana/GSoC/my_robot_ws/install/my_robot/share/my_robot//models/aws_robomaker_warehouse_ClutteringA_01/meshes/aws_robomaker_warehouse_ClutteringA_01_collision.DAE
[0.621s] -- Up-to-date symlink: /home/rajana/GSoC/my_robot_ws/install/my_robot/share/my_robot//models/aws_robomaker_warehouse_ClutteringA_01/meshes/aws_robomaker_warehouse_ClutteringA_01_visual.DAE
[0.621s] -- Up-to-date symlink: /home/rajana/GSoC/my_robot_ws/install/my_robot/share/my_robot//models/aws_robomaker_warehouse_ClutteringA_01/model.config
[0.621s] -- Up-to-date symlink: /home/rajana/GSoC/my_robot_ws/install/my_robot/share/my_robot//models/aws_robomaker_warehouse_ClutteringA_01/model.sdf
[0.621s] -- Up-to-date symlink: /home/rajana/GSoC/my_robot_ws/install/my_robot/share/my_robot//models/aws_robomaker_warehouse_ClutteringC_01/materials/textures/aws_robomaker_warehouse_ClutteringC_01.png
[0.622s] -- Up-to-date symlink: /home/rajana/GSoC/my_robot_ws/install/my_robot/share/my_robot//models/aws_robomaker_warehouse_ClutteringC_01/materials/textures/aws_robomaker_warehouse_ClutteringC_02.png
[0.622s] -- Up-to-date symlink: /home/rajana/GSoC/my_robot_ws/install/my_robot/share/my_robot//models/aws_robomaker_warehouse_ClutteringC_01/meshes/aws_robomaker_warehouse_ClutteringC_01_collision.DAE
[0.622s] -- Up-to-date symlink: /home/rajana/GSoC/my_robot_ws/install/my_robot/share/my_robot//models/aws_robomaker_warehouse_ClutteringC_01/meshes/aws_robomaker_warehouse_ClutteringC_01_visual.DAE
[0.622s] -- Up-to-date symlink: /home/rajana/GSoC/my_robot_ws/install/my_robot/share/my_robot//models/aws_robomaker_warehouse_ClutteringC_01/model.config
[0.623s] -- Up-to-date symlink: /home/rajana/GSoC/my_robot_ws/install/my_robot/share/my_robot//models/aws_robomaker_warehouse_ClutteringC_01/model.sdf
[0.623s] -- Up-to-date symlink: /home/rajana/GSoC/my_robot_ws/install/my_robot/share/my_robot//models/aws_robomaker_warehouse_ClutteringD_01/materials/textures/aws_robomaker_warehouse_ClutteringD_01.png
[0.623s] -- Up-to-date symlink: /home/rajana/GSoC/my_robot_ws/install/my_robot/share/my_robot//models/aws_robomaker_warehouse_ClutteringD_01/materials/textures/aws_robomaker_warehouse_ClutteringD_02.png
[0.623s] -- Up-to-date symlink: /home/rajana/GSoC/my_robot_ws/install/my_robot/share/my_robot//models/aws_robomaker_warehouse_ClutteringD_01/meshes/aws_robomaker_warehouse_ClutteringD_01_collision.DAE
[0.623s] -- Up-to-date symlink: /home/rajana/GSoC/my_robot_ws/install/my_robot/share/my_robot//models/aws_robomaker_warehouse_ClutteringD_01/meshes/aws_robomaker_warehouse_ClutteringD_01_visual.DAE
[0.624s] -- Up-to-date symlink: /home/rajana/GSoC/my_robot_ws/install/my_robot/share/my_robot//models/aws_robomaker_warehouse_ClutteringD_01/model.config
[0.624s] -- Up-to-date symlink: /home/rajana/GSoC/my_robot_ws/install/my_robot/share/my_robot//models/aws_robomaker_warehouse_ClutteringD_01/model.sdf
[0.625s] -- Up-to-date symlink: /home/rajana/GSoC/my_robot_ws/install/my_robot/share/my_robot//models/aws_robomaker_warehouse_DeskC_01/materials/.DS_Store
[0.626s] -- Up-to-date symlink: /home/rajana/GSoC/my_robot_ws/install/my_robot/share/my_robot//models/aws_robomaker_warehouse_DeskC_01/materials/textures/aws_robomaker_warehouse_DeskC_01.png
[0.626s] -- Up-to-date symlink: /home/rajana/GSoC/my_robot_ws/install/my_robot/share/my_robot//models/aws_robomaker_warehouse_DeskC_01/materials/textures/aws_robomaker_warehouse_DeskC_02.png
[0.627s] -- Up-to-date symlink: /home/rajana/GSoC/my_robot_ws/install/my_robot/share/my_robot//models/aws_robomaker_warehouse_DeskC_01/materials/textures/aws_robomaker_warehouse_DeskC_03.png
[0.627s] -- Up-to-date symlink: /home/rajana/GSoC/my_robot_ws/install/my_robot/share/my_robot//models/aws_robomaker_warehouse_DeskC_01/materials/textures/aws_robomaker_warehouse_DeskC_03.psd
[0.628s] -- Up-to-date symlink: /home/rajana/GSoC/my_robot_ws/install/my_robot/share/my_robot//models/aws_robomaker_warehouse_DeskC_01/materials/textures/aws_robomaker_warehouse_DeskC_04.png
[0.629s] -- Up-to-date symlink: /home/rajana/GSoC/my_robot_ws/install/my_robot/share/my_robot//models/aws_robomaker_warehouse_DeskC_01/meshes/aws_robomaker_warehouse_DeskC_01_collision.DAE
[0.634s] -- Up-to-date symlink: /home/rajana/GSoC/my_robot_ws/install/my_robot/share/my_robot//models/aws_robomaker_warehouse_DeskC_01/meshes/aws_robomaker_warehouse_DeskC_01_visual.DAE
[0.636s] -- Up-to-date symlink: /home/rajana/GSoC/my_robot_ws/install/my_robot/share/my_robot//models/aws_robomaker_warehouse_DeskC_01/model.config
[0.639s] -- Up-to-date symlink: /home/rajana/GSoC/my_robot_ws/install/my_robot/share/my_robot//models/aws_robomaker_warehouse_DeskC_01/model.sdf
[0.641s] -- Up-to-date symlink: /home/rajana/GSoC/my_robot_ws/install/my_robot/share/my_robot//models/aws_robomaker_warehouse_GroundB_01/materials/textures/aws_robomaker_warehouse_GroundB_01.png
[0.642s] -- Up-to-date symlink: /home/rajana/GSoC/my_robot_ws/install/my_robot/share/my_robot//models/aws_robomaker_warehouse_GroundB_01/materials/textures/aws_robomaker_warehouse_GroundB_02.png
[0.643s] -- Up-to-date symlink: /home/rajana/GSoC/my_robot_ws/install/my_robot/share/my_robot//models/aws_robomaker_warehouse_GroundB_01/meshes/aws_robomaker_warehouse_GroundB_01_collision.DAE
[0.643s] -- Up-to-date symlink: /home/rajana/GSoC/my_robot_ws/install/my_robot/share/my_robot//models/aws_robomaker_warehouse_GroundB_01/meshes/aws_robomaker_warehouse_GroundB_01_visual.DAE
[0.643s] -- Up-to-date symlink: /home/rajana/GSoC/my_robot_ws/install/my_robot/share/my_robot//models/aws_robomaker_warehouse_GroundB_01/model.config
[0.643s] -- Up-to-date symlink: /home/rajana/GSoC/my_robot_ws/install/my_robot/share/my_robot//models/aws_robomaker_warehouse_GroundB_01/model.sdf
[0.644s] -- Up-to-date symlink: /home/rajana/GSoC/my_robot_ws/install/my_robot/share/my_robot//models/aws_robomaker_warehouse_Lamp_01/materials/textures/aws_robomaker_warehouse_Lamp_01.png
[0.644s] -- Up-to-date symlink: /home/rajana/GSoC/my_robot_ws/install/my_robot/share/my_robot//models/aws_robomaker_warehouse_Lamp_01/meshes/aws_robomaker_warehouse_Lamp_01_collision.DAE
[0.644s] -- Up-to-date symlink: /home/rajana/GSoC/my_robot_ws/install/my_robot/share/my_robot//models/aws_robomaker_warehouse_Lamp_01/meshes/aws_robomaker_warehouse_Lamp_01_visual.DAE
[0.644s] -- Up-to-date symlink: /home/rajana/GSoC/my_robot_ws/install/my_robot/share/my_robot//models/aws_robomaker_warehouse_Lamp_01/model.config
[0.645s] -- Up-to-date symlink: /home/rajana/GSoC/my_robot_ws/install/my_robot/share/my_robot//models/aws_robomaker_warehouse_Lamp_01/model.sdf
[0.645s] -- Up-to-date symlink: /home/rajana/GSoC/my_robot_ws/install/my_robot/share/my_robot//models/aws_robomaker_warehouse_PalletJackB_01/.DS_Store
[0.645s] -- Up-to-date symlink: /home/rajana/GSoC/my_robot_ws/install/my_robot/share/my_robot//models/aws_robomaker_warehouse_PalletJackB_01/materials/.DS_Store
[0.646s] -- Up-to-date symlink: /home/rajana/GSoC/my_robot_ws/install/my_robot/share/my_robot//models/aws_robomaker_warehouse_PalletJackB_01/materials/textures/aws_robomaker_warehouse_PalletJackB_01.png
[0.646s] -- Up-to-date symlink: /home/rajana/GSoC/my_robot_ws/install/my_robot/share/my_robot//models/aws_robomaker_warehouse_PalletJackB_01/materials/textures/aws_robomaker_warehouse_PalletJackB_02.png
[0.647s] -- Up-to-date symlink: /home/rajana/GSoC/my_robot_ws/install/my_robot/share/my_robot//models/aws_robomaker_warehouse_PalletJackB_01/meshes/aws_robomaker_warehouse_PalletJackB_01_collision.DAE
[0.647s] -- Up-to-date symlink: /home/rajana/GSoC/my_robot_ws/install/my_robot/share/my_robot//models/aws_robomaker_warehouse_PalletJackB_01/meshes/aws_robomaker_warehouse_PalletJackB_01_visual.DAE
[0.647s] -- Up-to-date symlink: /home/rajana/GSoC/my_robot_ws/install/my_robot/share/my_robot//models/aws_robomaker_warehouse_PalletJackB_01/model.config
[0.648s] -- Up-to-date symlink: /home/rajana/GSoC/my_robot_ws/install/my_robot/share/my_robot//models/aws_robomaker_warehouse_PalletJackB_01/model.sdf
[0.648s] -- Up-to-date symlink: /home/rajana/GSoC/my_robot_ws/install/my_robot/share/my_robot//models/aws_robomaker_warehouse_RoofB_01/materials/textures/aws_robomaker_warehouse_RoofB_01.png
[0.648s] -- Up-to-date symlink: /home/rajana/GSoC/my_robot_ws/install/my_robot/share/my_robot//models/aws_robomaker_warehouse_RoofB_01/meshes/aws_robomaker_warehouse_RoofB_01_collision.DAE
[0.648s] -- Up-to-date symlink: /home/rajana/GSoC/my_robot_ws/install/my_robot/share/my_robot//models/aws_robomaker_warehouse_RoofB_01/meshes/aws_robomaker_warehouse_RoofB_01_visual.DAE
[0.648s] -- Up-to-date symlink: /home/rajana/GSoC/my_robot_ws/install/my_robot/share/my_robot//models/aws_robomaker_warehouse_RoofB_01/model.config
[0.648s] -- Up-to-date symlink: /home/rajana/GSoC/my_robot_ws/install/my_robot/share/my_robot//models/aws_robomaker_warehouse_RoofB_01/model.sdf
[0.648s] -- Up-to-date symlink: /home/rajana/GSoC/my_robot_ws/install/my_robot/share/my_robot//models/aws_robomaker_warehouse_ShelfD_01/materials/textures/aws_robomaker_warehouse_ShelfD_01.png
[0.648s] -- Up-to-date symlink: /home/rajana/GSoC/my_robot_ws/install/my_robot/share/my_robot//models/aws_robomaker_warehouse_ShelfD_01/materials/textures/aws_robomaker_warehouse_ShelfD_02.png
[0.648s] -- Up-to-date symlink: /home/rajana/GSoC/my_robot_ws/install/my_robot/share/my_robot//models/aws_robomaker_warehouse_ShelfD_01/materials/textures/aws_robomaker_warehouse_ShelfD_03.png
[0.649s] -- Up-to-date symlink: /home/rajana/GSoC/my_robot_ws/install/my_robot/share/my_robot//models/aws_robomaker_warehouse_ShelfD_01/materials/textures/aws_robomaker_warehouse_ShelfD_04.png
[0.649s] -- Up-to-date symlink: /home/rajana/GSoC/my_robot_ws/install/my_robot/share/my_robot//models/aws_robomaker_warehouse_ShelfD_01/meshes/aws_robomaker_warehouse_ShelfD_01_collision.DAE
[0.649s] -- Up-to-date symlink: /home/rajana/GSoC/my_robot_ws/install/my_robot/share/my_robot//models/aws_robomaker_warehouse_ShelfD_01/meshes/aws_robomaker_warehouse_ShelfD_01_visual.DAE
[0.649s] -- Up-to-date symlink: /home/rajana/GSoC/my_robot_ws/install/my_robot/share/my_robot//models/aws_robomaker_warehouse_ShelfD_01/model.config
[0.650s] -- Up-to-date symlink: /home/rajana/GSoC/my_robot_ws/install/my_robot/share/my_robot//models/aws_robomaker_warehouse_ShelfD_01/model.sdf
[0.650s] -- Up-to-date symlink: /home/rajana/GSoC/my_robot_ws/install/my_robot/share/my_robot//models/aws_robomaker_warehouse_ShelfE_01/.DS_Store
[0.650s] -- Up-to-date symlink: /home/rajana/GSoC/my_robot_ws/install/my_robot/share/my_robot//models/aws_robomaker_warehouse_ShelfE_01/materials/.DS_Store
[0.651s] -- Up-to-date symlink: /home/rajana/GSoC/my_robot_ws/install/my_robot/share/my_robot//models/aws_robomaker_warehouse_ShelfE_01/materials/textures/aws_robomaker_warehouse_ShelfE_01.png
[0.651s] -- Up-to-date symlink: /home/rajana/GSoC/my_robot_ws/install/my_robot/share/my_robot//models/aws_robomaker_warehouse_ShelfE_01/materials/textures/aws_robomaker_warehouse_ShelfE_02.png
[0.651s] -- Up-to-date symlink: /home/rajana/GSoC/my_robot_ws/install/my_robot/share/my_robot//models/aws_robomaker_warehouse_ShelfE_01/materials/textures/aws_robomaker_warehouse_ShelfE_03.png
[0.651s] -- Up-to-date symlink: /home/rajana/GSoC/my_robot_ws/install/my_robot/share/my_robot//models/aws_robomaker_warehouse_ShelfE_01/materials/textures/aws_robomaker_warehouse_ShelfE_04.png
[0.651s] -- Up-to-date symlink: /home/rajana/GSoC/my_robot_ws/install/my_robot/share/my_robot//models/aws_robomaker_warehouse_ShelfE_01/meshes/aws_robomaker_warehouse_ShelfE_01_collision.DAE
[0.652s] -- Up-to-date symlink: /home/rajana/GSoC/my_robot_ws/install/my_robot/share/my_robot//models/aws_robomaker_warehouse_ShelfE_01/meshes/aws_robomaker_warehouse_ShelfE_01_visual.DAE
[0.652s] -- Up-to-date symlink: /home/rajana/GSoC/my_robot_ws/install/my_robot/share/my_robot//models/aws_robomaker_warehouse_ShelfE_01/model.config
[0.652s] -- Up-to-date symlink: /home/rajana/GSoC/my_robot_ws/install/my_robot/share/my_robot//models/aws_robomaker_warehouse_ShelfE_01/model.sdf
[0.652s] -- Up-to-date symlink: /home/rajana/GSoC/my_robot_ws/install/my_robot/share/my_robot//models/aws_robomaker_warehouse_ShelfF_01/materials/textures/aws_robomaker_warehouse_ShelfF_01.png
[0.653s] -- Up-to-date symlink: /home/rajana/GSoC/my_robot_ws/install/my_robot/share/my_robot//models/aws_robomaker_warehouse_ShelfF_01/materials/textures/aws_robomaker_warehouse_ShelfF_02.png
[0.654s] -- Up-to-date symlink: /home/rajana/GSoC/my_robot_ws/install/my_robot/share/my_robot//models/aws_robomaker_warehouse_ShelfF_01/materials/textures/aws_robomaker_warehouse_ShelfF_03.png
[0.654s] -- Up-to-date symlink: /home/rajana/GSoC/my_robot_ws/install/my_robot/share/my_robot//models/aws_robomaker_warehouse_ShelfF_01/meshes/aws_robomaker_warehouse_ShelfF_01_collision.DAE
[0.655s] -- Up-to-date symlink: /home/rajana/GSoC/my_robot_ws/install/my_robot/share/my_robot//models/aws_robomaker_warehouse_ShelfF_01/meshes/aws_robomaker_warehouse_ShelfF_01_visual.DAE
[0.655s] -- Up-to-date symlink: /home/rajana/GSoC/my_robot_ws/install/my_robot/share/my_robot//models/aws_robomaker_warehouse_ShelfF_01/model.config
[0.656s] -- Up-to-date symlink: /home/rajana/GSoC/my_robot_ws/install/my_robot/share/my_robot//models/aws_robomaker_warehouse_ShelfF_01/model.sdf
[0.656s] -- Up-to-date symlink: /home/rajana/GSoC/my_robot_ws/install/my_robot/share/my_robot//models/aws_robomaker_warehouse_TrashCanC_01/materials/textures/aws_robomaker_warehouse_TrashCanC_01.png
[0.656s] -- Up-to-date symlink: /home/rajana/GSoC/my_robot_ws/install/my_robot/share/my_robot//models/aws_robomaker_warehouse_TrashCanC_01/meshes/aws_robomaker_warehouse_TrashCanC_01_collision.DAE
[0.657s] -- Up-to-date symlink: /home/rajana/GSoC/my_robot_ws/install/my_robot/share/my_robot//models/aws_robomaker_warehouse_TrashCanC_01/meshes/aws_robomaker_warehouse_TrashCanC_01_visual.DAE
[0.658s] -- Up-to-date symlink: /home/rajana/GSoC/my_robot_ws/install/my_robot/share/my_robot//models/aws_robomaker_warehouse_TrashCanC_01/model.config
[0.659s] -- Up-to-date symlink: /home/rajana/GSoC/my_robot_ws/install/my_robot/share/my_robot//models/aws_robomaker_warehouse_TrashCanC_01/model.sdf
[0.661s] -- Up-to-date symlink: /home/rajana/GSoC/my_robot_ws/install/my_robot/share/my_robot//models/aws_robomaker_warehouse_WallB_01/materials/textures/aws_robomaker_warehouse_WallB_01.png
[0.661s] -- Up-to-date symlink: /home/rajana/GSoC/my_robot_ws/install/my_robot/share/my_robot//models/aws_robomaker_warehouse_WallB_01/meshes/aws_robomaker_warehouse_WallB_01_collision.DAE
[0.662s] -- Up-to-date symlink: /home/rajana/GSoC/my_robot_ws/install/my_robot/share/my_robot//models/aws_robomaker_warehouse_WallB_01/meshes/aws_robomaker_warehouse_WallB_01_visual.DAE
[0.663s] -- Up-to-date symlink: /home/rajana/GSoC/my_robot_ws/install/my_robot/share/my_robot//models/aws_robomaker_warehouse_WallB_01/model.config
[0.665s] -- Up-to-date symlink: /home/rajana/GSoC/my_robot_ws/install/my_robot/share/my_robot//models/aws_robomaker_warehouse_WallB_01/model.sdf
[0.666s] -- Up-to-date symlink: /home/rajana/GSoC/my_robot_ws/install/my_robot/share/my_robot//urdf/gz.xacro
[0.667s] -- Up-to-date symlink: /home/rajana/GSoC/my_robot_ws/install/my_robot/share/my_robot//urdf/macros.xacro
[0.668s] -- Up-to-date symlink: /home/rajana/GSoC/my_robot_ws/install/my_robot/share/my_robot//urdf/materials.xacro
[0.669s] -- Up-to-date symlink: /home/rajana/GSoC/my_robot_ws/install/my_robot/share/my_robot//urdf/my_robot.xacro
[0.670s] -- Up-to-date symlink: /home/rajana/GSoC/my_robot_ws/install/my_robot/share/my_robot//worlds/empty.sdf
[0.671s] -- Up-to-date symlink: /home/rajana/GSoC/my_robot_ws/install/my_robot/share/my_robot//worlds/small_warehouse.sdf
[0.673s] -- Up-to-date symlink: /home/rajana/GSoC/my_robot_ws/install/my_robot/share/my_robot//rviz/entire_setup.rviz
[0.675s] -- Up-to-date symlink: /home/rajana/GSoC/my_robot_ws/install/my_robot/share/ament_index/resource_index/package_run_dependencies/my_robot
[0.675s] -- Up-to-date symlink: /home/rajana/GSoC/my_robot_ws/install/my_robot/share/ament_index/resource_index/parent_prefix_path/my_robot
[0.676s] -- Up-to-date symlink: /home/rajana/GSoC/my_robot_ws/install/my_robot/share/my_robot/environment/ament_prefix_path.sh
[0.677s] -- Up-to-date symlink: /home/rajana/GSoC/my_robot_ws/install/my_robot/share/my_robot/environment/ament_prefix_path.dsv
[0.678s] -- Up-to-date symlink: /home/rajana/GSoC/my_robot_ws/install/my_robot/share/my_robot/environment/path.sh
[0.680s] -- Up-to-date symlink: /home/rajana/GSoC/my_robot_ws/install/my_robot/share/my_robot/environment/path.dsv
[0.682s] -- Up-to-date symlink: /home/rajana/GSoC/my_robot_ws/install/my_robot/share/my_robot/local_setup.bash
[0.683s] -- Up-to-date symlink: /home/rajana/GSoC/my_robot_ws/install/my_robot/share/my_robot/local_setup.sh
[0.683s] -- Up-to-date symlink: /home/rajana/GSoC/my_robot_ws/install/my_robot/share/my_robot/local_setup.zsh
[0.684s] -- Up-to-date symlink: /home/rajana/GSoC/my_robot_ws/install/my_robot/share/my_robot/local_setup.dsv
[0.686s] -- Symlinking: /home/rajana/GSoC/my_robot_ws/install/my_robot/share/my_robot/package.dsv
[0.738s] -- Up-to-date symlink: /home/rajana/GSoC/my_robot_ws/install/my_robot/share/ament_index/resource_index/packages/my_robot
[0.741s] -- Up-to-date symlink: /home/rajana/GSoC/my_robot_ws/install/my_robot/share/my_robot/cmake/my_robotConfig.cmake
[0.741s] -- Up-to-date symlink: /home/rajana/GSoC/my_robot_ws/install/my_robot/share/my_robot/cmake/my_robotConfig-version.cmake
[0.742s] -- Up-to-date symlink: /home/rajana/GSoC/my_robot_ws/install/my_robot/share/my_robot/package.xml
[0.749s] Invoked command in '/home/rajana/GSoC/my_robot_ws/build/my_robot' returned '0': CMAKE_PREFIX_PATH=${CMAKE_PREFIX_PATH}:/opt/ros/humble /usr/bin/cmake --install /home/rajana/GSoC/my_robot_ws/build/my_robot
