[1.229s] [34mcolcon[0m [1;30mDEBUG[0m [32mCommand line arguments: ['/usr/bin/colcon', 'build', '--symlink-install'][0m
[1.231s] [34mcolcon[0m [1;30mDEBUG[0m [32mParsed command line arguments: Namespace(log_base=None, log_level=None, verb_name='build', build_base='build', install_base='install', merge_install=False, symlink_install=True, test_result_base=None, continue_on_error=False, executor='parallel', parallel_workers=8, event_handlers=None, ignore_user_meta=False, metas=['./colcon.meta'], base_paths=['.'], packages_ignore=None, packages_ignore_regex=None, paths=None, packages_up_to=None, packages_up_to_regex=None, packages_above=None, packages_above_and_dependencies=None, packages_above_depth=None, packages_select_by_dep=None, packages_skip_by_dep=None, packages_skip_up_to=None, packages_select_build_failed=False, packages_skip_build_finished=False, packages_select_test_failures=False, packages_skip_test_passed=False, packages_select=None, packages_skip=None, packages_select_regex=None, packages_skip_regex=None, packages_start=None, packages_end=None, allow_overriding=[], cmake_args=None, cmake_target=None, cmake_target_skip_unavailable=False, cmake_clean_cache=False, cmake_clean_first=False, cmake_force_configure=False, ament_cmake_args=None, catkin_cmake_args=None, catkin_skip_building_tests=False, verb_parser=<colcon_defaults.argument_parser.defaults.DefaultArgumentsDecorator object at 0x7ce5c2abbc70>, verb_extension=<colcon_core.verb.build.BuildVerb object at 0x7ce5c2abb790>, main=<bound method BuildVerb.main of <colcon_core.verb.build.BuildVerb object at 0x7ce5c2abb790>>)[0m
[5.012s] [34mcolcon.colcon_core.package_discovery[0m [1;30mLevel 1[0m discover_packages(colcon_meta) check parameters
[5.013s] [34mcolcon.colcon_core.package_discovery[0m [1;30mLevel 1[0m discover_packages(recursive) check parameters
[5.013s] [34mcolcon.colcon_core.package_discovery[0m [1;30mLevel 1[0m discover_packages(ignore) check parameters
[5.013s] [34mcolcon.colcon_core.package_discovery[0m [1;30mLevel 1[0m discover_packages(path) check parameters
[5.014s] [34mcolcon.colcon_core.package_discovery[0m [1;30mLevel 1[0m discover_packages(colcon_meta) discover
[5.014s] [34mcolcon.colcon_core.package_discovery[0m [1;30mLevel 1[0m discover_packages(recursive) discover
[5.014s] [34mcolcon.colcon_core.package_discovery[0m [1;30mINFO[0m Crawling recursively for packages in '/home/rajana/GSoC/my_robot_ws'
[5.015s] [34mcolcon.colcon_core.package_identification[0m [1;30mLevel 1[0m _identify(.) by extensions ['ignore', 'ignore_ament_install']
[5.020s] [34mcolcon.colcon_core.package_identification[0m [1;30mLevel 1[0m _identify(.) by extension 'ignore'
[5.021s] [34mcolcon.colcon_core.package_identification[0m [1;30mLevel 1[0m _identify(.) by extension 'ignore_ament_install'
[5.021s] [34mcolcon.colcon_core.package_identification[0m [1;30mLevel 1[0m _identify(.) by extensions ['colcon_pkg']
[5.022s] [34mcolcon.colcon_core.package_identification[0m [1;30mLevel 1[0m _identify(.) by extension 'colcon_pkg'
[5.022s] [34mcolcon.colcon_core.package_identification[0m [1;30mLevel 1[0m _identify(.) by extensions ['colcon_meta']
[5.023s] [34mcolcon.colcon_core.package_identification[0m [1;30mLevel 1[0m _identify(.) by extension 'colcon_meta'
[5.023s] [34mcolcon.colcon_core.package_identification[0m [1;30mLevel 1[0m _identify(.) by extensions ['ros']
[5.023s] [34mcolcon.colcon_core.package_identification[0m [1;30mLevel 1[0m _identify(.) by extension 'ros'
[5.192s] [34mcolcon.colcon_core.package_identification[0m [1;30mLevel 1[0m _identify(.) by extensions ['cmake', 'python']
[5.193s] [34mcolcon.colcon_core.package_identification[0m [1;30mLevel 1[0m _identify(.) by extension 'cmake'
[5.193s] [34mcolcon.colcon_core.package_identification[0m [1;30mLevel 1[0m _identify(.) by extension 'python'
[5.193s] [34mcolcon.colcon_core.package_identification[0m [1;30mLevel 1[0m _identify(.) by extensions ['python_setup_py']
[5.193s] [34mcolcon.colcon_core.package_identification[0m [1;30mLevel 1[0m _identify(.) by extension 'python_setup_py'
[5.194s] [34mcolcon.colcon_core.package_identification[0m [1;30mLevel 1[0m _identify(build) by extensions ['ignore', 'ignore_ament_install']
[5.194s] [34mcolcon.colcon_core.package_identification[0m [1;30mLevel 1[0m _identify(build) by extension 'ignore'
[5.194s] [34mcolcon.colcon_core.package_identification[0m [1;30mLevel 1[0m _identify(build) ignored
[5.194s] [34mcolcon.colcon_core.package_identification[0m [1;30mLevel 1[0m _identify(install) by extensions ['ignore', 'ignore_ament_install']
[5.195s] [34mcolcon.colcon_core.package_identification[0m [1;30mLevel 1[0m _identify(install) by extension 'ignore'
[5.195s] [34mcolcon.colcon_core.package_identification[0m [1;30mLevel 1[0m _identify(install) ignored
[5.195s] [34mcolcon.colcon_core.package_identification[0m [1;30mLevel 1[0m _identify(log) by extensions ['ignore', 'ignore_ament_install']
[5.196s] [34mcolcon.colcon_core.package_identification[0m [1;30mLevel 1[0m _identify(log) by extension 'ignore'
[5.196s] [34mcolcon.colcon_core.package_identification[0m [1;30mLevel 1[0m _identify(log) ignored
[5.196s] [34mcolcon.colcon_core.package_identification[0m [1;30mLevel 1[0m _identify(src) by extensions ['ignore', 'ignore_ament_install']
[5.196s] [34mcolcon.colcon_core.package_identification[0m [1;30mLevel 1[0m _identify(src) by extension 'ignore'
[5.196s] [34mcolcon.colcon_core.package_identification[0m [1;30mLevel 1[0m _identify(src) by extension 'ignore_ament_install'
[5.196s] [34mcolcon.colcon_core.package_identification[0m [1;30mLevel 1[0m _identify(src) by extensions ['colcon_pkg']
[5.197s] [34mcolcon.colcon_core.package_identification[0m [1;30mLevel 1[0m _identify(src) by extension 'colcon_pkg'
[5.197s] [34mcolcon.colcon_core.package_identification[0m [1;30mLevel 1[0m _identify(src) by extensions ['colcon_meta']
[5.197s] [34mcolcon.colcon_core.package_identification[0m [1;30mLevel 1[0m _identify(src) by extension 'colcon_meta'
[5.197s] [34mcolcon.colcon_core.package_identification[0m [1;30mLevel 1[0m _identify(src) by extensions ['ros']
[5.197s] [34mcolcon.colcon_core.package_identification[0m [1;30mLevel 1[0m _identify(src) by extension 'ros'
[5.198s] [34mcolcon.colcon_core.package_identification[0m [1;30mLevel 1[0m _identify(src) by extensions ['cmake', 'python']
[5.198s] [34mcolcon.colcon_core.package_identification[0m [1;30mLevel 1[0m _identify(src) by extension 'cmake'
[5.198s] [34mcolcon.colcon_core.package_identification[0m [1;30mLevel 1[0m _identify(src) by extension 'python'
[5.199s] [34mcolcon.colcon_core.package_identification[0m [1;30mLevel 1[0m _identify(src) by extensions ['python_setup_py']
[5.200s] [34mcolcon.colcon_core.package_identification[0m [1;30mLevel 1[0m _identify(src) by extension 'python_setup_py'
[5.201s] [34mcolcon.colcon_core.package_identification[0m [1;30mLevel 1[0m _identify(src/my_robot) by extensions ['ignore', 'ignore_ament_install']
[5.202s] [34mcolcon.colcon_core.package_identification[0m [1;30mLevel 1[0m _identify(src/my_robot) by extension 'ignore'
[5.204s] [34mcolcon.colcon_core.package_identification[0m [1;30mLevel 1[0m _identify(src/my_robot) by extension 'ignore_ament_install'
[5.206s] [34mcolcon.colcon_core.package_identification[0m [1;30mLevel 1[0m _identify(src/my_robot) by extensions ['colcon_pkg']
[5.208s] [34mcolcon.colcon_core.package_identification[0m [1;30mLevel 1[0m _identify(src/my_robot) by extension 'colcon_pkg'
[5.209s] [34mcolcon.colcon_core.package_identification[0m [1;30mLevel 1[0m _identify(src/my_robot) by extensions ['colcon_meta']
[5.210s] [34mcolcon.colcon_core.package_identification[0m [1;30mLevel 1[0m _identify(src/my_robot) by extension 'colcon_meta'
[5.211s] [34mcolcon.colcon_core.package_identification[0m [1;30mLevel 1[0m _identify(src/my_robot) by extensions ['ros']
[5.212s] [34mcolcon.colcon_core.package_identification[0m [1;30mLevel 1[0m _identify(src/my_robot) by extension 'ros'
[5.243s] [34mcolcon.colcon_core.package_identification[0m [1;30mDEBUG[0m [32mPackage 'src/my_robot' with type 'ros.ament_cmake' and name 'my_robot'[0m
[5.244s] [34mcolcon.colcon_core.package_discovery[0m [1;30mLevel 1[0m discover_packages(recursive) using defaults
[5.245s] [34mcolcon.colcon_core.package_discovery[0m [1;30mLevel 1[0m discover_packages(ignore) discover
[5.245s] [34mcolcon.colcon_core.package_discovery[0m [1;30mLevel 1[0m discover_packages(ignore) using defaults
[5.246s] [34mcolcon.colcon_core.package_discovery[0m [1;30mLevel 1[0m discover_packages(path) discover
[5.246s] [34mcolcon.colcon_core.package_discovery[0m [1;30mLevel 1[0m discover_packages(path) using defaults
[5.567s] [34mcolcon.colcon_core.package_discovery[0m [1;30mLevel 1[0m discover_packages(prefix_path) check parameters
[5.567s] [34mcolcon.colcon_core.package_discovery[0m [1;30mLevel 1[0m discover_packages(prefix_path) discover
[5.600s] [34mcolcon.colcon_installed_package_information.package_discovery[0m [1;30mDEBUG[0m [32mFound 1 installed packages in /home/rajana/GSoC/my_robot_ws/install[0m
[5.603s] [34mcolcon.colcon_installed_package_information.package_discovery[0m [1;30mDEBUG[0m [32mFound 1 installed packages in /home/rajana/GSoC/pal_ws/install[0m
[5.621s] [34mcolcon.colcon_installed_package_information.package_discovery[0m [1;30mDEBUG[0m [32mFound 2 installed packages in /home/rajana/anscer_ws/install[0m
[5.626s] [34mcolcon.colcon_installed_package_information.package_discovery[0m [1;30mDEBUG[0m [32mFound 3 installed packages in /home/rajana/ROS_WORKSPACES/turtlebot3_ws/install[0m
[5.628s] [34mcolcon.colcon_installed_package_information.package_discovery[0m [1;30mDEBUG[0m [32mFound 5 installed packages in /home/rajana/gazebo_ws/install[0m
[5.630s] [34mcolcon.colcon_installed_package_information.package_discovery[0m [1;30mDEBUG[0m [32mFound 1 installed packages in /home/rajana/assignment_ws/install[0m
[5.632s] [34mcolcon.colcon_installed_package_information.package_discovery[0m [1;30mDEBUG[0m [32mFound 1 installed packages in /home/rajana/ROS_WORKSPACES/amr_ws/install[0m
[5.636s] [34mcolcon.colcon_installed_package_information.package_discovery[0m [1;30mDEBUG[0m [32mFound 410 installed packages in /opt/ros/humble[0m
[5.643s] [34mcolcon.colcon_core.package_discovery[0m [1;30mLevel 1[0m discover_packages(prefix_path) using defaults
[5.986s] [34mcolcon.colcon_core.verb[0m [1;30mLevel 5[0m set package 'my_robot' build argument 'cmake_args' from command line to 'None'
[5.987s] [34mcolcon.colcon_core.verb[0m [1;30mLevel 5[0m set package 'my_robot' build argument 'cmake_target' from command line to 'None'
[5.987s] [34mcolcon.colcon_core.verb[0m [1;30mLevel 5[0m set package 'my_robot' build argument 'cmake_target_skip_unavailable' from command line to 'False'
[5.987s] [34mcolcon.colcon_core.verb[0m [1;30mLevel 5[0m set package 'my_robot' build argument 'cmake_clean_cache' from command line to 'False'
[5.987s] [34mcolcon.colcon_core.verb[0m [1;30mLevel 5[0m set package 'my_robot' build argument 'cmake_clean_first' from command line to 'False'
[5.988s] [34mcolcon.colcon_core.verb[0m [1;30mLevel 5[0m set package 'my_robot' build argument 'cmake_force_configure' from command line to 'False'
[5.988s] [34mcolcon.colcon_core.verb[0m [1;30mLevel 5[0m set package 'my_robot' build argument 'ament_cmake_args' from command line to 'None'
[5.988s] [34mcolcon.colcon_core.verb[0m [1;30mLevel 5[0m set package 'my_robot' build argument 'catkin_cmake_args' from command line to 'None'
[5.988s] [34mcolcon.colcon_core.verb[0m [1;30mLevel 5[0m set package 'my_robot' build argument 'catkin_skip_building_tests' from command line to 'False'
[5.989s] [34mcolcon.colcon_core.verb[0m [1;30mDEBUG[0m [32mBuilding package 'my_robot' with the following arguments: {'ament_cmake_args': None, 'build_base': '/home/rajana/GSoC/my_robot_ws/build/my_robot', 'catkin_cmake_args': None, 'catkin_skip_building_tests': False, 'cmake_args': None, 'cmake_clean_cache': False, 'cmake_clean_first': False, 'cmake_force_configure': False, 'cmake_target': None, 'cmake_target_skip_unavailable': False, 'install_base': '/home/rajana/GSoC/my_robot_ws/install/my_robot', 'merge_install': False, 'path': '/home/rajana/GSoC/my_robot_ws/src/my_robot', 'symlink_install': True, 'test_result_base': None}[0m
[5.990s] [34mcolcon.colcon_core.executor[0m [1;30mINFO[0m Executing jobs using 'parallel' executor
[5.997s] [34mcolcon.colcon_parallel_executor.executor.parallel[0m [1;30mDEBUG[0m [32mrun_until_complete[0m
[6.000s] [34mcolcon.colcon_ros.task.ament_cmake.build[0m [1;30mINFO[0m Building ROS package in '/home/rajana/GSoC/my_robot_ws/src/my_robot' with build type 'ament_cmake'
[6.002s] [34mcolcon.colcon_cmake.task.cmake.build[0m [1;30mINFO[0m Building CMake package in '/home/rajana/GSoC/my_robot_ws/src/my_robot'
[6.034s] [34mcolcon.colcon_core.plugin_system[0m [1;30mINFO[0m Skipping extension 'colcon_core.shell.bat': Not used on non-Windows systems
[6.036s] [34mcolcon.colcon_core.shell[0m [1;30mINFO[0m Skip shell extension 'powershell' for command environment: Not usable outside of PowerShell
[6.038s] [34mcolcon.colcon_core.shell[0m [1;30mDEBUG[0m [32mSkip shell extension 'dsv' for command environment[0m
[6.162s] [34mcolcon.colcon_core.event_handler.log_command[0m [1;30mDEBUG[0m [32mInvoking command in '/home/rajana/GSoC/my_robot_ws/build/my_robot': CMAKE_PREFIX_PATH=${CMAKE_PREFIX_PATH}:/opt/ros/humble /usr/bin/cmake --build /home/rajana/GSoC/my_robot_ws/build/my_robot -- -j8 -l8[0m
[6.437s] [34mcolcon.colcon_core.event_handler.log_command[0m [1;30mDEBUG[0m [32mInvoked command in '/home/rajana/GSoC/my_robot_ws/build/my_robot' returned '0': CMAKE_PREFIX_PATH=${CMAKE_PREFIX_PATH}:/opt/ros/humble /usr/bin/cmake --build /home/rajana/GSoC/my_robot_ws/build/my_robot -- -j8 -l8[0m
[6.508s] [34mcolcon.colcon_core.event_handler.log_command[0m [1;30mDEBUG[0m [32mInvoking command in '/home/rajana/GSoC/my_robot_ws/build/my_robot': CMAKE_PREFIX_PATH=${CMAKE_PREFIX_PATH}:/opt/ros/humble /usr/bin/cmake --install /home/rajana/GSoC/my_robot_ws/build/my_robot[0m
[6.749s] [34mcolcon.colcon_core.environment[0m [1;30mLevel 1[0m create_environment_scripts_only(my_robot)
[6.750s] [34mcolcon.colcon_core.event_handler.log_command[0m [1;30mDEBUG[0m [32mInvoked command in '/home/rajana/GSoC/my_robot_ws/build/my_robot' returned '0': CMAKE_PREFIX_PATH=${CMAKE_PREFIX_PATH}:/opt/ros/humble /usr/bin/cmake --install /home/rajana/GSoC/my_robot_ws/build/my_robot[0m
[6.770s] [34mcolcon.colcon_core.environment[0m [1;30mLevel 1[0m checking '/home/rajana/GSoC/my_robot_ws/install/my_robot' for CMake module files
[6.771s] [34mcolcon.colcon_core.environment[0m [1;30mLevel 1[0m checking '/home/rajana/GSoC/my_robot_ws/install/my_robot' for CMake config files
[6.772s] [34mcolcon.colcon_core.shell[0m [1;30mLevel 1[0m create_environment_hook('my_robot', 'cmake_prefix_path')
[6.772s] [34mcolcon.colcon_core.shell[0m [1;30mINFO[0m Creating environment hook '/home/rajana/GSoC/my_robot_ws/install/my_robot/share/my_robot/hook/cmake_prefix_path.ps1'
[6.775s] [34mcolcon.colcon_core.shell[0m [1;30mINFO[0m Creating environment descriptor '/home/rajana/GSoC/my_robot_ws/install/my_robot/share/my_robot/hook/cmake_prefix_path.dsv'
[6.780s] [34mcolcon.colcon_core.shell[0m [1;30mINFO[0m Creating environment hook '/home/rajana/GSoC/my_robot_ws/install/my_robot/share/my_robot/hook/cmake_prefix_path.sh'
[6.787s] [34mcolcon.colcon_core.environment[0m [1;30mLevel 1[0m checking '/home/rajana/GSoC/my_robot_ws/install/my_robot/bin'
[6.788s] [34mcolcon.colcon_core.environment[0m [1;30mLevel 1[0m checking '/home/rajana/GSoC/my_robot_ws/install/my_robot/lib/pkgconfig/my_robot.pc'
[6.790s] [34mcolcon.colcon_core.environment[0m [1;30mLevel 1[0m checking '/home/rajana/GSoC/my_robot_ws/install/my_robot/lib/python3.10/site-packages'
[6.791s] [34mcolcon.colcon_core.environment[0m [1;30mLevel 1[0m checking '/home/rajana/GSoC/my_robot_ws/install/my_robot/bin'
[6.795s] [34mcolcon.colcon_core.shell[0m [1;30mINFO[0m Creating package script '/home/rajana/GSoC/my_robot_ws/install/my_robot/share/my_robot/package.ps1'
[6.807s] [34mcolcon.colcon_core.shell[0m [1;30mINFO[0m Creating package descriptor '/home/rajana/GSoC/my_robot_ws/install/my_robot/share/my_robot/package.dsv'
[6.814s] [34mcolcon.colcon_core.shell[0m [1;30mINFO[0m Creating package script '/home/rajana/GSoC/my_robot_ws/install/my_robot/share/my_robot/package.sh'
[6.828s] [34mcolcon.colcon_core.shell[0m [1;30mINFO[0m Creating package script '/home/rajana/GSoC/my_robot_ws/install/my_robot/share/my_robot/package.bash'
[6.833s] [34mcolcon.colcon_core.shell[0m [1;30mINFO[0m Creating package script '/home/rajana/GSoC/my_robot_ws/install/my_robot/share/my_robot/package.zsh'
[6.836s] [34mcolcon.colcon_core.environment[0m [1;30mLevel 1[0m create_file_with_runtime_dependencies(/home/rajana/GSoC/my_robot_ws/install/my_robot/share/colcon-core/packages/my_robot)
[6.838s] [34mcolcon.colcon_core.environment[0m [1;30mLevel 1[0m create_environment_scripts_only(my_robot)
[6.839s] [34mcolcon.colcon_core.environment[0m [1;30mLevel 1[0m checking '/home/rajana/GSoC/my_robot_ws/install/my_robot' for CMake module files
[6.840s] [34mcolcon.colcon_core.environment[0m [1;30mLevel 1[0m checking '/home/rajana/GSoC/my_robot_ws/install/my_robot' for CMake config files
[6.841s] [34mcolcon.colcon_core.shell[0m [1;30mLevel 1[0m create_environment_hook('my_robot', 'cmake_prefix_path')
[6.842s] [34mcolcon.colcon_core.shell[0m [1;30mINFO[0m Creating environment hook '/home/rajana/GSoC/my_robot_ws/install/my_robot/share/my_robot/hook/cmake_prefix_path.ps1'
[6.843s] [34mcolcon.colcon_core.shell[0m [1;30mINFO[0m Creating environment descriptor '/home/rajana/GSoC/my_robot_ws/install/my_robot/share/my_robot/hook/cmake_prefix_path.dsv'
[6.845s] [34mcolcon.colcon_core.shell[0m [1;30mINFO[0m Creating environment hook '/home/rajana/GSoC/my_robot_ws/install/my_robot/share/my_robot/hook/cmake_prefix_path.sh'
[6.850s] [34mcolcon.colcon_core.environment[0m [1;30mLevel 1[0m checking '/home/rajana/GSoC/my_robot_ws/install/my_robot/bin'
[6.851s] [34mcolcon.colcon_core.environment[0m [1;30mLevel 1[0m checking '/home/rajana/GSoC/my_robot_ws/install/my_robot/lib/pkgconfig/my_robot.pc'
[6.854s] [34mcolcon.colcon_core.environment[0m [1;30mLevel 1[0m checking '/home/rajana/GSoC/my_robot_ws/install/my_robot/lib/python3.10/site-packages'
[6.859s] [34mcolcon.colcon_core.environment[0m [1;30mLevel 1[0m checking '/home/rajana/GSoC/my_robot_ws/install/my_robot/bin'
[6.864s] [34mcolcon.colcon_core.shell[0m [1;30mINFO[0m Creating package script '/home/rajana/GSoC/my_robot_ws/install/my_robot/share/my_robot/package.ps1'
[6.868s] [34mcolcon.colcon_core.shell[0m [1;30mINFO[0m Creating package descriptor '/home/rajana/GSoC/my_robot_ws/install/my_robot/share/my_robot/package.dsv'
[6.869s] [34mcolcon.colcon_core.shell[0m [1;30mINFO[0m Creating package script '/home/rajana/GSoC/my_robot_ws/install/my_robot/share/my_robot/package.sh'
[6.870s] [34mcolcon.colcon_core.shell[0m [1;30mINFO[0m Creating package script '/home/rajana/GSoC/my_robot_ws/install/my_robot/share/my_robot/package.bash'
[6.871s] [34mcolcon.colcon_core.shell[0m [1;30mINFO[0m Creating package script '/home/rajana/GSoC/my_robot_ws/install/my_robot/share/my_robot/package.zsh'
[6.872s] [34mcolcon.colcon_core.environment[0m [1;30mLevel 1[0m create_file_with_runtime_dependencies(/home/rajana/GSoC/my_robot_ws/install/my_robot/share/colcon-core/packages/my_robot)
[6.872s] [34mcolcon.colcon_parallel_executor.executor.parallel[0m [1;30mDEBUG[0m [32mclosing loop[0m
[6.873s] [34mcolcon.colcon_parallel_executor.executor.parallel[0m [1;30mDEBUG[0m [32mloop closed[0m
[6.874s] [34mcolcon.colcon_parallel_executor.executor.parallel[0m [1;30mDEBUG[0m [32mrun_until_complete finished with '0'[0m
[6.875s] [34mcolcon.colcon_core.event_reactor[0m [1;30mDEBUG[0m [32mjoining thread[0m
[6.912s] [34mcolcon.colcon_core.plugin_system[0m [1;30mINFO[0m Skipping extension 'colcon_notification.desktop_notification.terminal_notifier': Not used on non-Darwin systems
[6.913s] [34mcolcon.colcon_core.plugin_system[0m [1;30mINFO[0m Skipping extension 'colcon_notification.desktop_notification.win32': Not used on non-Windows systems
[6.913s] [34mcolcon.colcon_notification.desktop_notification[0m [1;30mINFO[0m Sending desktop notification using 'notify2'
[7.012s] [34mcolcon.colcon_core.event_reactor[0m [1;30mDEBUG[0m [32mjoined thread[0m
[7.014s] [34mcolcon.colcon_core.shell[0m [1;30mINFO[0m Creating prefix script '/home/rajana/GSoC/my_robot_ws/install/local_setup.ps1'
[7.018s] [34mcolcon.colcon_core.shell[0m [1;30mINFO[0m Creating prefix util module '/home/rajana/GSoC/my_robot_ws/install/_local_setup_util_ps1.py'
[7.029s] [34mcolcon.colcon_core.shell[0m [1;30mINFO[0m Creating prefix chain script '/home/rajana/GSoC/my_robot_ws/install/setup.ps1'
[7.043s] [34mcolcon.colcon_core.shell[0m [1;30mINFO[0m Creating prefix script '/home/rajana/GSoC/my_robot_ws/install/local_setup.sh'
[7.056s] [34mcolcon.colcon_core.shell[0m [1;30mINFO[0m Creating prefix util module '/home/rajana/GSoC/my_robot_ws/install/_local_setup_util_sh.py'
[7.061s] [34mcolcon.colcon_core.shell[0m [1;30mINFO[0m Creating prefix chain script '/home/rajana/GSoC/my_robot_ws/install/setup.sh'
[7.068s] [34mcolcon.colcon_core.shell[0m [1;30mINFO[0m Creating prefix script '/home/rajana/GSoC/my_robot_ws/install/local_setup.bash'
[7.072s] [34mcolcon.colcon_core.shell[0m [1;30mINFO[0m Creating prefix chain script '/home/rajana/GSoC/my_robot_ws/install/setup.bash'
[7.092s] [34mcolcon.colcon_core.shell[0m [1;30mINFO[0m Creating prefix script '/home/rajana/GSoC/my_robot_ws/install/local_setup.zsh'
[7.097s] [34mcolcon.colcon_core.shell[0m [1;30mINFO[0m Creating prefix chain script '/home/rajana/GSoC/my_robot_ws/install/setup.zsh'
