[0.066s] Invoking command in '/home/rajana/GSoC/my_robot_ws/build/my_robot': CMAKE_PREFIX_PATH=${CMAKE_PREFIX_PATH}:/opt/ros/humble /usr/bin/cmake /home/rajana/GSoC/my_robot_ws/src/my_robot -DAMENT_CMAKE_SYMLINK_INSTALL=1 -DCMAKE_INSTALL_PREFIX=/home/rajana/GSoC/my_robot_ws/install/my_robot
[0.982s] -- The C compiler identification is GNU 11.4.0
[1.568s] -- The CXX compiler identification is GNU 11.4.0
[1.705s] -- Detecting C compiler ABI info
[1.931s] -- Detecting C compiler ABI info - done
[1.939s] -- Check for working C compiler: /usr/bin/cc - skipped
[1.939s] -- Detecting C compile features
[1.958s] -- Detecting C compile features - done
[1.983s] -- Detecting CXX compiler ABI info
[2.144s] -- Detecting CXX compiler ABI info - done
[2.150s] -- Check for working CXX compiler: /usr/bin/c++ - skipped
[2.150s] -- Detecting CXX compile features
[2.151s] -- Detecting CXX compile features - done
[2.460s] -- Found ament_cmake: 1.3.11 (/opt/ros/humble/share/ament_cmake/cmake)
[2.727s] -- Found Python3: /usr/bin/python3 (found version "3.10.12") found components: Interpreter 
[2.854s] -- Override CMake install command with custom implementation using symlinks instead of copying resources
[3.197s] -- Found ament_lint_auto: 0.12.11 (/opt/ros/humble/share/ament_lint_auto/cmake)
[3.403s] -- Added test 'lint_cmake' to check CMake code style
[3.405s] -- Added test 'xmllint' to check XML markup files
[3.440s] -- Configuring done
[3.445s] -- Generating done
[3.448s] -- Build files have been written to: /home/rajana/GSoC/my_robot_ws/build/my_robot
[3.464s] Invoked command in '/home/rajana/GSoC/my_robot_ws/build/my_robot' returned '0': CMAKE_PREFIX_PATH=${CMAKE_PREFIX_PATH}:/opt/ros/humble /usr/bin/cmake /home/rajana/GSoC/my_robot_ws/src/my_robot -DAMENT_CMAKE_SYMLINK_INSTALL=1 -DCMAKE_INSTALL_PREFIX=/home/rajana/GSoC/my_robot_ws/install/my_robot
[3.468s] Invoking command in '/home/rajana/GSoC/my_robot_ws/build/my_robot': CMAKE_PREFIX_PATH=${CMAKE_PREFIX_PATH}:/opt/ros/humble /usr/bin/cmake --build /home/rajana/GSoC/my_robot_ws/build/my_robot -- -j8 -l8
[3.509s] Invoked command in '/home/rajana/GSoC/my_robot_ws/build/my_robot' returned '0': CMAKE_PREFIX_PATH=${CMAKE_PREFIX_PATH}:/opt/ros/humble /usr/bin/cmake --build /home/rajana/GSoC/my_robot_ws/build/my_robot -- -j8 -l8
[3.517s] Invoking command in '/home/rajana/GSoC/my_robot_ws/build/my_robot': CMAKE_PREFIX_PATH=${CMAKE_PREFIX_PATH}:/opt/ros/humble /usr/bin/cmake --install /home/rajana/GSoC/my_robot_ws/build/my_robot
[3.523s] -- Install configuration: ""
[3.524s] -- Execute custom install script
[3.524s] -- Symlinking: /home/rajana/GSoC/my_robot_ws/install/my_robot/share/ament_index/resource_index/package_run_dependencies/my_robot
[3.532s] -- Symlinking: /home/rajana/GSoC/my_robot_ws/install/my_robot/share/ament_index/resource_index/parent_prefix_path/my_robot
[3.541s] -- Symlinking: /home/rajana/GSoC/my_robot_ws/install/my_robot/share/my_robot/environment/ament_prefix_path.sh
[3.548s] -- Symlinking: /home/rajana/GSoC/my_robot_ws/install/my_robot/share/my_robot/environment/ament_prefix_path.dsv
[3.556s] -- Symlinking: /home/rajana/GSoC/my_robot_ws/install/my_robot/share/my_robot/environment/path.sh
[3.563s] -- Symlinking: /home/rajana/GSoC/my_robot_ws/install/my_robot/share/my_robot/environment/path.dsv
[3.570s] -- Symlinking: /home/rajana/GSoC/my_robot_ws/install/my_robot/share/my_robot/local_setup.bash
[3.577s] -- Symlinking: /home/rajana/GSoC/my_robot_ws/install/my_robot/share/my_robot/local_setup.sh
[3.584s] -- Symlinking: /home/rajana/GSoC/my_robot_ws/install/my_robot/share/my_robot/local_setup.zsh
[3.591s] -- Symlinking: /home/rajana/GSoC/my_robot_ws/install/my_robot/share/my_robot/local_setup.dsv
[3.598s] -- Symlinking: /home/rajana/GSoC/my_robot_ws/install/my_robot/share/my_robot/package.dsv
[3.605s] -- Symlinking: /home/rajana/GSoC/my_robot_ws/install/my_robot/share/ament_index/resource_index/packages/my_robot
[3.614s] -- Symlinking: /home/rajana/GSoC/my_robot_ws/install/my_robot/share/my_robot/cmake/my_robotConfig.cmake
[3.623s] -- Symlinking: /home/rajana/GSoC/my_robot_ws/install/my_robot/share/my_robot/cmake/my_robotConfig-version.cmake
[3.631s] -- Symlinking: /home/rajana/GSoC/my_robot_ws/install/my_robot/share/my_robot/package.xml
[3.640s] Invoked command in '/home/rajana/GSoC/my_robot_ws/build/my_robot' returned '0': CMAKE_PREFIX_PATH=${CMAKE_PREFIX_PATH}:/opt/ros/humble /usr/bin/cmake --install /home/rajana/GSoC/my_robot_ws/build/my_robot
